<?xml version="1.0" encoding="UTF-8"?>
<!-- Generated by org.testng.reporters.JUnitXMLReporter -->
<testsuite ignored="0" hostname="DESKTOP-CMJCERN" failures="0" tests="3" name="Test" time="4.424" errors="0" timestamp="2024-07-17T21:52:19 EET">
  <testcase classname="tests.GetRandomPet" name="testGetPetById" time="2.275"/>
  <testcase classname="tests.GetAllPetsByStatus" name="testGetAllPetsNamesByStatus" time="0.99"/>
  <testcase classname="tests.AddNewPet" name="testAddNewPet" time="0.733"/>
</testsuite> <!-- Test -->
