<?xml version="1.0" encoding="UTF-8"?>
<testng-results ignored="0" total="3" passed="3" failed="0" skipped="0">
  <reporter-output>
  </reporter-output>
  <suite started-at="2024-07-17T21:52:14 EET" name="Suite" finished-at="2024-07-17T21:52:19 EET" duration-ms="4424">
    <groups>
    </groups>
    <test started-at="2024-07-17T21:52:14 EET" name="Test" finished-at="2024-07-17T21:52:19 EET" duration-ms="4424">
      <class name="tests.GetRandomPet">
        <test-method is-config="true" signature="setup(java.lang.String)[pri:0, instance:tests.GetRandomPet@5454d35e]" started-at="2024-07-17T21:52:14 EET" name="setup" finished-at="2024-07-17T21:52:15 EET" duration-ms="324" status="PASS">
          <params>
            <param index="0">
              <value>
                <![CDATA[https://petstore.swagger.io/v2]]>
              </value>
            </param>
          </params>
          <reporter-output>
          </reporter-output>
        </test-method> <!-- setup -->
        <test-method signature="testGetPetById()[pri:0, instance:tests.GetRandomPet@5454d35e]" started-at="2024-07-17T21:52:15 EET" name="testGetPetById" finished-at="2024-07-17T21:52:17 EET" duration-ms="2275" status="PASS">
          <reporter-output>
          </reporter-output>
        </test-method> <!-- testGetPetById -->
      </class> <!-- tests.GetRandomPet -->
      <class name="tests.AddNewPet">
        <test-method is-config="true" signature="setup(java.lang.String)[pri:0, instance:tests.AddNewPet@59e505b2]" started-at="2024-07-17T21:52:18 EET" name="setup" finished-at="2024-07-17T21:52:18 EET" duration-ms="1" status="PASS">
          <params>
            <param index="0">
              <value>
                <![CDATA[https://petstore.swagger.io/v2]]>
              </value>
            </param>
          </params>
          <reporter-output>
          </reporter-output>
        </test-method> <!-- setup -->
        <test-method signature="testAddNewPet()[pri:0, instance:tests.AddNewPet@59e505b2]" started-at="2024-07-17T21:52:18 EET" name="testAddNewPet" finished-at="2024-07-17T21:52:19 EET" duration-ms="733" status="PASS">
          <reporter-output>
          </reporter-output>
        </test-method> <!-- testAddNewPet -->
      </class> <!-- tests.AddNewPet -->
      <class name="tests.GetAllPetsByStatus">
        <test-method is-config="true" signature="setup(java.lang.String)[pri:0, instance:tests.GetAllPetsByStatus@82ea68c]" started-at="2024-07-17T21:52:17 EET" name="setup" finished-at="2024-07-17T21:52:17 EET" duration-ms="1" status="PASS">
          <params>
            <param index="0">
              <value>
                <![CDATA[https://petstore.swagger.io/v2]]>
              </value>
            </param>
          </params>
          <reporter-output>
          </reporter-output>
        </test-method> <!-- setup -->
        <test-method signature="testGetAllPetsNamesByStatus()[pri:0, instance:tests.GetAllPetsByStatus@82ea68c]" started-at="2024-07-17T21:52:17 EET" name="testGetAllPetsNamesByStatus" finished-at="2024-07-17T21:52:18 EET" duration-ms="990" status="PASS">
          <reporter-output>
          </reporter-output>
        </test-method> <!-- testGetAllPetsNamesByStatus -->
      </class> <!-- tests.GetAllPetsByStatus -->
    </test> <!-- Test -->
  </suite> <!-- Suite -->
</testng-results>
